1024 32 2817.202881 87.184547 2237.512939 485.154297 2.109534
1024 64 1676.556274 63.068573 1169.349976 437.737274 1.063650
1024 128 1631.022827 56.841763 1131.643066 437.713928 1.051463
1024 256 1663.175415 72.905273 1143.871948 439.617798 1.066310
1024 512 2666.511963 114.510017 2136.385498 411.024628 2.065555
1024 1024 623.507202 0.025120 4.320864 437.343781 0.000000
2048 32 3481.756104 576.699829 2178.596436 709.833008 1.695334
2048 64 2828.674072 375.032104 1726.497803 710.872070 1.427935
2048 128 2458.898926 264.089020 1475.659058 703.555542 1.275915
2048 256 2519.102295 349.673523 1443.443237 710.611816 1.298781
2048 512 2917.018066 567.704163 1623.270874 710.799438 1.496023
2048 1024 10645.587891 1138.236572 8788.331055 703.937805 8.628874
3072 32 9572.947266 2091.877686 6281.138184 1163.772827 3.757383
3072 64 5439.446289 1149.960205 3086.043213 1169.218994 2.291207
3072 128 5658.395020 749.923340 3696.912109 1178.003906 2.923785
3072 256 8250.468750 952.716370 6091.023438 1173.366821 5.786889
3072 512 11125.199219 1475.025146 8441.083984 1176.016724 8.188998
3072 1024 4468.584961 3114.601562 151.679764 1170.004395 0.013305
4096 32 17998.876953 4838.411621 11289.239258 1811.251221 7.479146
4096 64 10427.591797 2581.389648 5773.783691 2014.612061 4.162584
4096 128 7376.241211 1611.687866 3903.000977 1803.747681 2.827042
4096 256 8015.882812 1971.592285 4178.948730 1807.384033 3.600953
4096 512 8819.741211 2979.787598 3775.058105 2008.291992 3.289269
4096 1024 14293.613281 5860.930664 6336.359863 2038.572876 5.910389
5120 32 31082.863281 9351.745117 18870.652344 2767.804688 12.774232
5120 64 20665.386719 4905.895996 12659.557617 3009.060059 8.779784
5120 128 12142.306641 2987.521729 6086.036133 2978.806641 4.213625
5120 256 11874.813477 3551.182373 5265.550293 2968.801025 4.159634
5120 512 14781.664062 5197.354980 5758.285156 3736.175537 4.981462
5120 1024 17911.832031 10291.369141 4734.965820 2795.689453 2.226760
6144 32 54012.710938 16012.513672 33346.710938 4521.569824 21.119192
6144 64 37102.925781 8337.236328 17640.529297 10995.650391 11.855460
6144 128 19839.246094 4991.772949 10495.246094 4224.935547 6.918605
6144 256 18788.146484 5798.066895 8421.877930 4439.780273 6.659347
6144 512 21031.388672 8275.911133 8342.919922 4284.939453 7.205690
6144 1024 32753.910156 15116.863281 13358.934570 4150.241699 12.460521
7168 32 86335.164062 25243.753906 49908.503906 11004.951172 32.691563
7168 64 47414.652344 13044.101562 28541.019531 5657.075195 18.538445
7168 128 28958.312500 7687.516113 14614.051758 6482.208008 10.045887
7168 256 25975.238281 8783.098633 10767.829102 6249.213867 8.366751
7168 512 90596.695312 12293.917969 71591.273438 6537.182617 69.908433
7168 1024 49090.250000 22712.552734 14374.306641 11832.701172 6.979874
8192 32 124176.601562 37493.445312 77332.804688 9118.118164 47.386970
8192 64 68450.218750 19270.783203 41229.296875 7720.562500 25.660567
8192 128 40256.125000 11236.714844 21694.187500 7097.096191 14.340633
8192 256 45570.898438 12645.720703 14945.573242 17757.013672 11.635355
8192 512 41702.042969 17479.230469 16237.478516 7758.529297 13.535411
8192 1024 64448.781250 30101.771484 24391.615234 9728.042969 22.492392
9216 32 163656.343750 53391.222656 100629.875000 9342.203125 67.724056
9216 64 97746.984375 27319.417969 60618.050781 9519.202148 38.164547
9216 128 55535.070312 15806.329102 29105.302734 10335.671875 19.835072
9216 256 49090.023438 17591.429688 21477.156250 9734.069336 15.861610
9216 512 57175.894531 23836.693359 21394.216797 11658.916016 17.812989
9216 1024 83137.890625 41401.683594 30398.873047 11056.558594 14.823868
