1024 32 660.091919 82.119041 29.187870 467.249512
1024 64 575.929993 60.277733 20.451456 416.995483
1024 128 565.392822 50.391102 15.499103 419.247375
1024 256 584.880188 70.861984 14.442209 420.348572
1024 512 635.254456 112.966232 17.895552 420.833496
1024 1024 685.391235 0.019520 5.728160 419.585022
2048 32 1610.999634 576.118774 159.812256 780.694336
2048 64 1350.411377 373.314362 102.554993 781.861633
2048 128 1195.520874 261.021637 62.978397 782.534668
2048 256 1293.915283 348.571686 73.603973 783.416748
2048 512 1516.196045 563.156128 84.839775 782.929565
2048 1024 2038.817627 1137.161743 108.238274 702.809326
3072 32 3808.967773 2089.251953 469.351105 1137.715698
3072 64 2787.793945 1144.252808 271.523163 1265.242432
3072 128 2308.046875 744.572449 195.447540 1256.906738
3072 256 2434.870361 949.059143 164.224930 1210.802124
3072 512 2957.799561 1477.966553 212.419861 1165.576660
3072 1024 4391.871094 3104.882812 51.319263 1130.387939
4096 32 7792.234863 4834.936035 1069.859009 1755.831299
4096 64 5385.423828 2576.353516 619.310913 2054.966309
4096 128 3879.550049 1608.856445 371.038208 1768.405029
4096 256 4186.272949 1972.711304 316.911011 1760.228149
4096 512 5281.078125 2979.677246 407.944458 1764.860718
4096 1024 8358.344727 5861.890137 607.634521 1755.089844
5120 32 14207.425781 9348.494141 1999.597168 2690.230225
5120 64 8908.903320 4900.780273 1143.539795 2699.948242
5120 128 6575.474121 2984.081299 703.903503 2725.511719
5120 256 6949.435059 3548.768799 542.140991 2697.805176
5120 512 8738.057617 5202.949219 677.884521 2690.081543
5120 1024 13289.915039 10286.490234 152.575943 2682.752197
6144 32 23839.023438 16009.007812 3402.279053 4219.427734
6144 64 14602.722656 8337.389648 1932.834717 4123.544922
6144 128 11197.399414 4989.014648 1150.296997 4847.239746
6144 256 10841.064453 5788.425293 845.532349 4007.902344
6144 512 13558.974609 8271.693359 1041.901489 4039.195068
6144 1024 20896.677734 15106.187500 1514.541992 4073.828857
7168 32 36540.574219 25247.162109 5314.815430 5726.331055
7168 64 21438.117188 13040.573242 2922.816895 5227.197754
7168 128 15144.041992 7689.453613 1635.858032 5568.932617
7168 256 15818.563477 8785.307617 1245.799683 5539.456543
7168 512 19523.984375 12301.723633 1446.279663 5527.374023
7168 1024 29026.759766 22734.048828 440.893585 5603.776367
8192 32 52373.343750 37498.550781 7662.694824 6907.755859
8192 64 31890.072266 19268.162109 4190.513672 8130.845703
8192 128 21179.527344 11240.512695 2376.809326 7252.100586
8192 256 21328.757812 12648.514648 1750.803223 6627.164062
8192 512 26928.595703 17474.707031 1960.159790 7193.962891
8192 1024 40779.191406 30102.437500 3053.849854 7322.730957
9216 32 73879.945312 53391.402344 11027.855469 9086.813477
9216 64 44039.792969 27317.378906 5886.399902 10465.937500
9216 128 29607.482422 15809.149414 3400.976807 10037.982422
9216 256 28594.609375 17595.664062 2322.505859 8312.936523
9216 512 40289.503906 23844.492188 2678.071533 13410.002930
9216 1024 52004.097656 41435.007812 775.286804 9436.131836
