1024 32 566.803955 134.624680 4.738080 423.018585
1024 64 522.684265 89.199966 4.739392 424.333557
1024 128 499.454468 66.728897 3.433696 424.869690
1024 256 511.851715 84.491714 3.441120 419.489746
1024 512 551.579407 123.533058 3.409088 418.704315
1024 1024 607.843079 178.311203 3.417440 421.709869
2048 32 1802.984619 1056.678833 17.239872 713.906494
2048 64 1461.903198 650.657227 13.268800 782.862427
2048 128 1218.012451 404.768341 12.433376 785.123169
2048 256 1293.388062 475.357300 17.178080 785.717163
2048 512 1481.025146 676.097900 12.374240 777.397827
2048 1024 1926.714600 1217.885742 11.227232 681.395996
3072 32 5202.516113 4010.030518 26.372032 1133.288818
3072 64 3336.088379 2095.218018 25.891872 1182.160400
3072 128 2445.123535 1245.015869 25.822016 1141.464600
3072 256 2605.621582 1396.257324 36.781441 1139.678223
3072 512 3083.489502 1884.177734 27.898369 1138.805908
3072 1024 4530.329590 3325.088379 36.770912 1134.792480
4096 32 11449.762695 9402.161133 47.701569 1942.524780
4096 64 6702.514648 4831.974121 47.359520 1765.665527
4096 128 4672.220215 2802.848145 47.486305 1764.353271
4096 256 4947.884766 3051.056641 66.675102 1771.960449
4096 512 5863.683105 3979.814209 51.306717 1775.428223
4096 1024 8632.125977 6756.884766 47.651104 1770.001587
5120 32 21192.988281 18288.615234 105.509346 2707.676514
5120 64 12235.955078 9339.047852 105.771492 2701.792969
5120 128 8217.419922 5326.611328 106.002243 2695.154785
5120 256 8576.198242 5676.483887 105.725021 2704.679688
5120 512 10076.509766 7203.134277 75.559456 2708.576416
5120 1024 14596.492188 11718.448242 83.288956 2706.230469
6144 32 35683.917969 31463.468750 110.498596 3982.050537
6144 64 20365.992188 16021.849609 152.909561 4063.375244
6144 128 13389.904297 9082.287109 109.644867 4070.358887
6144 256 13830.435547 9529.797852 109.474113 4063.353760
6144 512 16286.047852 11772.007812 219.992767 4164.020996
6144 1024 22808.658203 18450.849609 152.934433 4076.075439
7168 32 55616.308594 49799.675781 209.128510 5432.170410
7168 64 30994.892578 25270.164062 150.696899 5400.466797
7168 128 19952.269531 14150.482422 208.512421 5419.785645
7168 256 20771.589844 14733.671875 209.548828 5652.469727
7168 512 24915.392578 17913.488281 149.807770 6676.808594
7168 1024 33928.648438 27227.384766 150.275848 6376.114746
8192 32 81641.382812 74166.976562 196.701996 7051.006836
8192 64 45177.394531 37549.886719 196.627197 7205.147461
8192 128 28378.710938 20897.033203 197.092438 7056.983398
8192 256 30315.191406 21564.488281 388.100922 8135.973145
8192 512 33913.902344 25810.537109 391.147614 7484.694824
8192 1024 45655.476562 38272.539062 236.010742 6920.445312
9216 32 115620.046875 105904.648438 249.805664 9178.177734
9216 64 62445.300781 53395.542969 249.119293 8515.474609
9216 128 39990.125000 29687.884766 249.740479 9766.732422
9216 256 40200.691406 30392.583984 401.721649 9120.966797
9216 512 45825.464844 35910.921875 348.711121 9279.393555
9216 1024 61255.835938 51750.785156 251.142273 8967.538086
